<?xml version="1.0" encoding="UTF-8"?>
<!-- Generated by org.testng.reporters.JUnitReportReporter -->
<testsuite skipped="0" hostname="hp" name="com.obsqura.Testscripts.HomepageTest" tests="14" failures="0" timestamp="29 Nov 2022 11:54:10 GMT" time="102.347" errors="0">
  <testcase name="verifyValidLogin" time="6.188" classname="com.obsqura.Testscripts.HomepageTest"/>
  <testcase name="verifycreateDeduction" time="22.162" classname="com.obsqura.Testscripts.HomepageTest"/>
  <testcase name="VerifyLogout" time="7.304" classname="com.obsqura.Testscripts.HomepageTest"/>
  <testcase name="verifyResetLink" time="9.246" classname="com.obsqura.Testscripts.HomepageTest"/>
  <testcase name="verifyInvalidLogin" time="5.005" classname="com.obsqura.Testscripts.HomepageTest"/>
  <testcase name="verifyTimesheetPayslipGeneration" time="7.255" classname="com.obsqura.Testscripts.HomepageTest"/>
  <testcase name="verifyResetCancel" time="5.162" classname="com.obsqura.Testscripts.HomepageTest"/>
  <testcase name="verifyBlankUsernamePassword" time="4.566" classname="com.obsqura.Testscripts.HomepageTest"/>
  <testcase name="verifyInvoicePage" time="6.745" classname="com.obsqura.Testscripts.HomepageTest"/>
  <testcase name="verifyInvalidEmailValidation" time="4.672" classname="com.obsqura.Testscripts.HomepageTest"/>
  <testcase name="verifyDashboardLink" time="6.640" classname="com.obsqura.Testscripts.HomepageTest"/>
  <testcase name="verifyInvoicePageLink" time="6.728" classname="com.obsqura.Testscripts.HomepageTest"/>
  <testcase name="verifyrestLogo" time="4.647" classname="com.obsqura.Testscripts.HomepageTest"/>
  <testcase name="verifyDashboardLogo" time="6.027" classname="com.obsqura.Testscripts.HomepageTest"/>
</testsuite> <!-- com.obsqura.Testscripts.HomepageTest -->
