<?xml version="1.0" encoding="UTF-8"?>
<!-- Generated by org.testng.reporters.JUnitReportReporter -->
<testsuite skipped="0" hostname="hp" name="com.obsqura.Testscripts.HomepageTest" tests="13" failures="0" timestamp="27 Nov 2022 17:49:52 GMT" time="97.715" errors="0">
  <testcase name="verifyValidLogin" time="6.545" classname="com.obsqura.Testscripts.HomepageTest"/>
  <testcase name="verifycreateDeduction" time="22.634" classname="com.obsqura.Testscripts.HomepageTest"/>
  <testcase name="VerifyLogout" time="7.241" classname="com.obsqura.Testscripts.HomepageTest"/>
  <testcase name="verifyResetLink" time="4.936" classname="com.obsqura.Testscripts.HomepageTest"/>
  <testcase name="verifyInvalidLogin" time="4.992" classname="com.obsqura.Testscripts.HomepageTest"/>
  <testcase name="verifyTimesheetPayslipGeneration" time="11.287" classname="com.obsqura.Testscripts.HomepageTest"/>
  <testcase name="verifyResetCancel" time="5.250" classname="com.obsqura.Testscripts.HomepageTest"/>
  <testcase name="verifyBlankUsernamePassword" time="5.032" classname="com.obsqura.Testscripts.HomepageTest"/>
  <testcase name="verifyInvoicePage" time="7.165" classname="com.obsqura.Testscripts.HomepageTest"/>
  <testcase name="verifyInvalidEmailValidation" time="4.880" classname="com.obsqura.Testscripts.HomepageTest"/>
  <testcase name="verifyDashboardLink" time="6.745" classname="com.obsqura.Testscripts.HomepageTest"/>
  <testcase name="verifyrestLogo" time="4.712" classname="com.obsqura.Testscripts.HomepageTest"/>
  <testcase name="verifyDashboardLogo" time="6.296" classname="com.obsqura.Testscripts.HomepageTest"/>
</testsuite> <!-- com.obsqura.Testscripts.HomepageTest -->
