<?xml version="1.0" encoding="UTF-8"?>
<!-- Generated by org.testng.reporters.JUnitReportReporter -->
<testsuite skipped="0" hostname="hp" name="com.obsqura.Testscripts.WorkerTest" tests="8" failures="0" timestamp="29 Nov 2022 11:54:10 GMT" time="70.375" errors="0">
  <testcase name="verifyworkerDeletion" time="9.266" classname="com.obsqura.Testscripts.WorkerTest"/>
  <testcase name="verifyWorkerSearchByFName" time="9.230" classname="com.obsqura.Testscripts.WorkerTest"/>
  <testcase name="verifyWorkerSearchBypost" time="9.346" classname="com.obsqura.Testscripts.WorkerTest"/>
  <testcase name="verifyWorkerSearchByNINumber" time="8.564" classname="com.obsqura.Testscripts.WorkerTest"/>
  <testcase name="verifyWorkerResetwithName" time="7.000" classname="com.obsqura.Testscripts.WorkerTest"/>
  <testcase name="verifyWorkerSearchByInvalidFName" time="8.551" classname="com.obsqura.Testscripts.WorkerTest"/>
  <testcase name="verifyWorkerSearchByInvalidNInumber" time="9.862" classname="com.obsqura.Testscripts.WorkerTest"/>
  <testcase name="verifyWorkerSearchByinvalidpostcode" time="8.556" classname="com.obsqura.Testscripts.WorkerTest"/>
</testsuite> <!-- com.obsqura.Testscripts.WorkerTest -->
