<?xml version="1.0" encoding="UTF-8"?>
<!-- Generated by org.testng.reporters.JUnitReportReporter -->
<testsuite skipped="0" hostname="hp" name="com.obsqura.Testscripts.WorkerTest" tests="8" failures="0" timestamp="27 Nov 2022 18:29:35 GMT" time="77.732" errors="0">
  <testcase name="verifyworkerDeletion" time="9.354" classname="com.obsqura.Testscripts.WorkerTest"/>
  <testcase name="verifyWorkerSearchByFName" time="8.916" classname="com.obsqura.Testscripts.WorkerTest"/>
  <testcase name="verifyWorkerSearchBypost" time="11.734" classname="com.obsqura.Testscripts.WorkerTest"/>
  <testcase name="verifyWorkerSearchByNINumber" time="10.788" classname="com.obsqura.Testscripts.WorkerTest"/>
  <testcase name="verifyWorkerResetwithName" time="7.959" classname="com.obsqura.Testscripts.WorkerTest"/>
  <testcase name="verifyWorkerSearchByInvalidFName" time="8.896" classname="com.obsqura.Testscripts.WorkerTest"/>
  <testcase name="verifyWorkerSearchByInvalidNInumber" time="10.321" classname="com.obsqura.Testscripts.WorkerTest"/>
  <testcase name="verifyWorkerSearchByinvalidpostcode" time="9.764" classname="com.obsqura.Testscripts.WorkerTest"/>
</testsuite> <!-- com.obsqura.Testscripts.WorkerTest -->
