<?xml version="1.0" encoding="UTF-8"?>
<!-- Generated by org.testng.reporters.JUnitReportReporter -->
<testsuite skipped="0" hostname="hp" name="com.obsqura.Testscripts.LoginScripts" tests="1" failures="0" timestamp="28 Oct 2022 07:24:02 GMT" time="11.298" errors="0">
  <testcase name="loginapplication" time="11.298" classname="com.obsqura.Testscripts.LoginScripts"/>
</testsuite> <!-- com.obsqura.Testscripts.LoginScripts -->
