<?xml version="1.0" encoding="UTF-8"?>
<!-- Generated by org.testng.reporters.JUnitReportReporter -->
<testsuite skipped="0" hostname="hp" name="com.obsqura.Testscripts.ClientTest" tests="2" failures="0" timestamp="27 Nov 2022 18:04:09 GMT" time="20.291" errors="0">
  <testcase name="verifyclientSearchByinvalidNo" time="11.248" classname="com.obsqura.Testscripts.ClientTest"/>
  <testcase name="validateclientSearchByNo" time="9.043" classname="com.obsqura.Testscripts.ClientTest"/>
</testsuite> <!-- com.obsqura.Testscripts.ClientTest -->
