<?xml version="1.0" encoding="UTF-8"?>
<!-- Generated by org.testng.reporters.JUnitReportReporter -->
<testsuite skipped="0" hostname="hp" name="com.obsqura.Testscripts.ClientTest" tests="8" failures="0" timestamp="29 Nov 2022 11:54:10 GMT" time="68.177" errors="0">
  <testcase name="verifyClientCreation" time="11.725" classname="com.obsqura.Testscripts.ClientTest"/>
  <testcase name="verifyclientSearchByName" time="8.460" classname="com.obsqura.Testscripts.ClientTest"/>
  <testcase name="verifyclientSearchByNo" time="8.513" classname="com.obsqura.Testscripts.ClientTest"/>
  <testcase name="verifyclientSearchByNameNumber" time="8.536" classname="com.obsqura.Testscripts.ClientTest"/>
  <testcase name="verifyClientResetwithName" time="6.941" classname="com.obsqura.Testscripts.ClientTest"/>
  <testcase name="verifyClientResetwithNo" time="6.878" classname="com.obsqura.Testscripts.ClientTest"/>
  <testcase name="verifyclientSearchByinvalidNo" time="8.609" classname="com.obsqura.Testscripts.ClientTest"/>
  <testcase name="validateclientSearchByNo" time="8.515" classname="com.obsqura.Testscripts.ClientTest"/>
</testsuite> <!-- com.obsqura.Testscripts.ClientTest -->
